Plugins:
Bundled analyzers:
  - Python Code Quality and Security 3.24.0.10784 (python)
  - Go Code Quality and Security 1.11.0.3905 (go)
  - JaCoCo 1.3.0.1538 (jacoco)
  - Kotlin Code Quality and Security 2.12.0.1956 (kotlin)
  - IaC Code Quality and Security 1.11.0.2847 (iac)
  - JavaScript/TypeScript/CSS Code Quality and Security 9.13.0.20537 (javascript)
  - Ruby Code Quality and Security 1.11.0.3905 (ruby)
  - Scala Code Quality and Security 1.11.0.3905 (sonarscala)
  - C# Code Quality and Security 8.51.0.59060 (csharp)
  - Java Code Quality and Security 7.16.0.30901 (java)
  - HTML Code Quality and Security 3.7.1.3306 (web)
  - Flex Code Quality and Security 2.8.0.3166 (flex)
  - XML Code Quality and Security 2.7.0.3820 (xml)
  - PHP Code Quality and Security 3.27.1.9352 (php)
  - Text Code Quality and Security 2.0.1.611 (text)
  - VB.NET Code Quality and Security 8.51.0.59060 (vbnet)
  - Configuration detection fot Code Quality and Security 1.2.0.267 (config)
Global server settings:
  - sonar.core.id=147B411E-AYa7hEOc2nbAuP9MOG1P
  - sonar.core.startTime=2023-03-07T11:19:39+0000
  - sonar.forceAuthentication=true
Project server settings:
Project scanner properties:
  - sonar.host.url=http://localhost:9000
  - sonar.login=******
  - sonar.modules=D6024DDF-1F19-4414-9BF9-A436D95AAB70
  - sonar.projectBaseDir=C:\Users\joana\Dropbox\Programação\exercicios\c#\labirinto\labirinto
  - sonar.projectKey=labirinto
  - sonar.pullrequest.cache.basepath=C:\Users\joana\Dropbox\Programação\exercicios\c#\labirinto\labirinto
  - sonar.scanAllFiles=true
  - sonar.scanner.app=ScannerMSBuild
  - sonar.scanner.appVersion=5.11
  - sonar.sourceEncoding=windows-1252
  - sonar.visualstudio.enable=false
  - sonar.working.directory=C:\Users\joana\Dropbox\Programação\exercicios\c#\labirinto\labirinto\.sonarqube\out\.sonar
Scanner properties of module: labirinto:labirinto:D6024DDF-1F19-4414-9BF9-A436D95AAB70
  - sonar.cs.analyzer.projectOutPaths="C:\Users\joana\Dropbox\Programação\exercicios\c#\labirinto\labirinto\.sonarqube\out\0"
  - sonar.cs.roslyn.reportFilePaths="C:\Users\joana\Dropbox\Programação\exercicios\c#\labirinto\labirinto\.sonarqube\out\0\Issues.json"
  - sonar.moduleKey=labirinto:labirinto:D6024DDF-1F19-4414-9BF9-A436D95AAB70
  - sonar.projectKey=labirinto:labirinto:D6024DDF-1F19-4414-9BF9-A436D95AAB70
  - sonar.projectName=labirinto
  - sonar.sourceEncoding=utf-8
  - sonar.sources="C:\Users\joana\Dropbox\Programação\exercicios\c#\labirinto\labirinto\Program.cs","C:\Users\joana\Dropbox\Programação\exercicios\c#\labirinto\labirinto\Properties\AssemblyInfo.cs","C:\Users\joana\Dropbox\Programação\exercicios\c#\labirinto\labirinto\App.config"
  - sonar.working.directory=C:\Users\joana\Dropbox\Programação\exercicios\c#\labirinto\labirinto\.sonarqube\out\.sonar\mod0
